HTTP Error 404: 

1 Failed download:
['AACT.UN']: YFTzMissingError('possibly delisted; no timezone found')
HTTP Error 404: 

1 Failed download:
['AACT.WT']: YFTzMissingError('possibly delisted; no timezone found')

1 Failed download:
['AAM.UN']: YFTzMissingError('possibly delisted; no timezone found')

1 Failed download:
['AAM.WT']: YFTzMissingError('possibly delisted; no timezone found')

1 Failed download:
['ABR.PD']: YFTzMissingError('possibly delisted; no timezone found')

1 Failed download:
['ABR.PE']: YFTzMissingError('possibly delisted; no timezone found')

1 Failed download:
['ABR.PF']: possibly delisted; no timezone found

1 Failed download:
['ABR.PF']: YFTzMissingError('possibly delisted; no timezone found')

1 Failed download:
['ACCL']: YFPricesMissingError('possibly delisted; no price data found  (1d 2025-09-05 -> 2025-09-09)')

1 Failed download:
['ACHR.WT']: YFTzMissingError('possibly delisted; no timezone found')
Data written to /Users/hunglingki/git_projects/stock_indicator/data/stock_data/A.csv
Data written to /Users/hunglingki/git_projects/stock_indicator/data/stock_data/AA.csv
Data written to /Users/hunglingki/git_projects/stock_indicator/data/stock_data/AAAU.csv
Data written to /Users/hunglingki/git_projects/stock_indicator/data/stock_data/AACB.csv
Data written to /Users/hunglingki/git_projects/stock_indicator/data/stock_data/AACBR.csv
Data written to /Users/hunglingki/git_projects/stock_indicator/data/stock_data/AACBU.csv
Data written to /Users/hunglingki/git_projects/stock_indicator/data/stock_data/AACG.csv
Data written to /Users/hunglingki/git_projects/stock_indicator/data/stock_data/AACI.csv
Data written to /Users/hunglingki/git_projects/stock_indicator/data/stock_data/AACIU.csv
Data written to /Users/hunglingki/git_projects/stock_indicator/data/stock_data/AACIW.csv
Data written to /Users/hunglingki/git_projects/stock_indicator/data/stock_data/AACT.csv
Data written to /Users/hunglingki/git_projects/stock_indicator/data/stock_data/AACT.UN.csv
Data written to /Users/hunglingki/git_projects/stock_indicator/data/stock_data/AACT.WT.csv
Data written to /Users/hunglingki/git_projects/stock_indicator/data/stock_data/AAGH.csv
Data written to /Users/hunglingki/git_projects/stock_indicator/data/stock_data/AAL.csv
Data written to /Users/hunglingki/git_projects/stock_indicator/data/stock_data/AAM.csv
Data written to /Users/hunglingki/git_projects/stock_indicator/data/stock_data/AAM.UN.csv
Data written to /Users/hunglingki/git_projects/stock_indicator/data/stock_data/AAM.WT.csv
Data written to /Users/hunglingki/git_projects/stock_indicator/data/stock_data/AAME.csv
Data written to /Users/hunglingki/git_projects/stock_indicator/data/stock_data/AAMI.csv
Data written to /Users/hunglingki/git_projects/stock_indicator/data/stock_data/AAMTF.csv
Data written to /Users/hunglingki/git_projects/stock_indicator/data/stock_data/AAOI.csv
Data written to /Users/hunglingki/git_projects/stock_indicator/data/stock_data/AAON.csv
Data written to /Users/hunglingki/git_projects/stock_indicator/data/stock_data/AAP.csv
Data written to /Users/hunglingki/git_projects/stock_indicator/data/stock_data/AAPG.csv
Data written to /Users/hunglingki/git_projects/stock_indicator/data/stock_data/AAPI.csv
Data written to /Users/hunglingki/git_projects/stock_indicator/data/stock_data/AAPL.csv
Data written to /Users/hunglingki/git_projects/stock_indicator/data/stock_data/AAQL.csv
Data written to /Users/hunglingki/git_projects/stock_indicator/data/stock_data/AARD.csv
Data written to /Users/hunglingki/git_projects/stock_indicator/data/stock_data/AASP.csv
Data written to /Users/hunglingki/git_projects/stock_indicator/data/stock_data/AAT.csv
Data written to /Users/hunglingki/git_projects/stock_indicator/data/stock_data/AATC.csv
Data written to /Users/hunglingki/git_projects/stock_indicator/data/stock_data/AAUAF.csv
Data written to /Users/hunglingki/git_projects/stock_indicator/data/stock_data/AAUC.csv
Data written to /Users/hunglingki/git_projects/stock_indicator/data/stock_data/AAUGF.csv
Data written to /Users/hunglingki/git_projects/stock_indicator/data/stock_data/AAVXF.csv
Data written to /Users/hunglingki/git_projects/stock_indicator/data/stock_data/AAWH.csv
Data written to /Users/hunglingki/git_projects/stock_indicator/data/stock_data/AB.csv
Data written to /Users/hunglingki/git_projects/stock_indicator/data/stock_data/ABAKF.csv
Data written to /Users/hunglingki/git_projects/stock_indicator/data/stock_data/ABAT.csv
Data written to /Users/hunglingki/git_projects/stock_indicator/data/stock_data/ABBNY.csv
Data written to /Users/hunglingki/git_projects/stock_indicator/data/stock_data/ABBV.csv
Data written to /Users/hunglingki/git_projects/stock_indicator/data/stock_data/ABCB.csv
Data written to /Users/hunglingki/git_projects/stock_indicator/data/stock_data/ABCFF.csv
Data written to /Users/hunglingki/git_projects/stock_indicator/data/stock_data/ABCL.csv
Data written to /Users/hunglingki/git_projects/stock_indicator/data/stock_data/ABCP.csv
Data written to /Users/hunglingki/git_projects/stock_indicator/data/stock_data/ABEO.csv
Data written to /Users/hunglingki/git_projects/stock_indicator/data/stock_data/ABEV.csv
Data written to /Users/hunglingki/git_projects/stock_indicator/data/stock_data/ABG.csv
Data written to /Users/hunglingki/git_projects/stock_indicator/data/stock_data/ABIT.csv
Data written to /Users/hunglingki/git_projects/stock_indicator/data/stock_data/ABL.csv
Data written to /Users/hunglingki/git_projects/stock_indicator/data/stock_data/ABLLL.csv
Data written to /Users/hunglingki/git_projects/stock_indicator/data/stock_data/ABLV.csv
Data written to /Users/hunglingki/git_projects/stock_indicator/data/stock_data/ABLVW.csv
Data written to /Users/hunglingki/git_projects/stock_indicator/data/stock_data/ABLZF.csv
Data written to /Users/hunglingki/git_projects/stock_indicator/data/stock_data/ABM.csv
Data written to /Users/hunglingki/git_projects/stock_indicator/data/stock_data/ABNB.csv
Data written to /Users/hunglingki/git_projects/stock_indicator/data/stock_data/ABOS.csv
Data written to /Users/hunglingki/git_projects/stock_indicator/data/stock_data/ABP.csv
Data written to /Users/hunglingki/git_projects/stock_indicator/data/stock_data/ABPWW.csv
Data written to /Users/hunglingki/git_projects/stock_indicator/data/stock_data/ABQQ.csv
Data written to /Users/hunglingki/git_projects/stock_indicator/data/stock_data/ABR.csv
Data written to /Users/hunglingki/git_projects/stock_indicator/data/stock_data/ABR.PD.csv
Data written to /Users/hunglingki/git_projects/stock_indicator/data/stock_data/ABR.PE.csv
Data written to /Users/hunglingki/git_projects/stock_indicator/data/stock_data/ABR.PF.csv
Data written to /Users/hunglingki/git_projects/stock_indicator/data/stock_data/ABSI.csv
Data written to /Users/hunglingki/git_projects/stock_indicator/data/stock_data/ABT.csv
Data written to /Users/hunglingki/git_projects/stock_indicator/data/stock_data/ABTS.csv
Data written to /Users/hunglingki/git_projects/stock_indicator/data/stock_data/ABUS.csv
Data written to /Users/hunglingki/git_projects/stock_indicator/data/stock_data/ABVC.csv
Data written to /Users/hunglingki/git_projects/stock_indicator/data/stock_data/ABVE.csv
Data written to /Users/hunglingki/git_projects/stock_indicator/data/stock_data/ABVEW.csv
Data written to /Users/hunglingki/git_projects/stock_indicator/data/stock_data/ABVX.csv
Data written to /Users/hunglingki/git_projects/stock_indicator/data/stock_data/ABXXF.csv
Data written to /Users/hunglingki/git_projects/stock_indicator/data/stock_data/AC.csv
Data written to /Users/hunglingki/git_projects/stock_indicator/data/stock_data/ACA.csv
Data written to /Users/hunglingki/git_projects/stock_indicator/data/stock_data/ACAD.csv
Data written to /Users/hunglingki/git_projects/stock_indicator/data/stock_data/ACAT.csv
Data written to /Users/hunglingki/git_projects/stock_indicator/data/stock_data/ACB.csv
Data written to /Users/hunglingki/git_projects/stock_indicator/data/stock_data/ACBM.csv
Data written to /Users/hunglingki/git_projects/stock_indicator/data/stock_data/ACCL.csv
Data written to /Users/hunglingki/git_projects/stock_indicator/data/stock_data/ACCO.csv
Data written to /Users/hunglingki/git_projects/stock_indicator/data/stock_data/ACCS.csv
Data written to /Users/hunglingki/git_projects/stock_indicator/data/stock_data/ACDC.csv
Data written to /Users/hunglingki/git_projects/stock_indicator/data/stock_data/ACEL.csv
Data written to /Users/hunglingki/git_projects/stock_indicator/data/stock_data/ACET.csv
Data written to /Users/hunglingki/git_projects/stock_indicator/data/stock_data/ACFN.csv
Data written to /Users/hunglingki/git_projects/stock_indicator/data/stock_data/ACGL.csv
Data written to /Users/hunglingki/git_projects/stock_indicator/data/stock_data/ACGLN.csv
Data written to /Users/hunglingki/git_projects/stock_indicator/data/stock_data/ACGLO.csv
Data written to /Users/hunglingki/git_projects/stock_indicator/data/stock_data/ACHC.csv
Data written to /Users/hunglingki/git_projects/stock_indicator/data/stock_data/ACHR.csv

1 Failed download:
['ACP.PA']: YFTzMissingError('possibly delisted; no timezone found')

1 Failed download:
['ACR.PC']: YFTzMissingError('possibly delisted; no timezone found')

1 Failed download:
['ACR.PD']: YFTzMissingError('possibly delisted; no timezone found')

1 Failed download:
['ADC.PA']: YFTzMissingError('possibly delisted; no timezone found')

1 Failed download:
['ADZCF']: YFPricesMissingError('possibly delisted; no price data found  (1d 2025-09-05 -> 2025-09-09)')

1 Failed download:
['AEBMF']: YFPricesMissingError('possibly delisted; no price data found  (1d 2025-09-05 -> 2025-09-09)')

1 Failed download:
['AEBMY']: YFTzMissingError('possibly delisted; no timezone found')

1 Failed download:
['AEC']: YFPricesMissingError('possibly delisted; no price data found  (1d 2025-09-05 -> 2025-09-09)')
Data written to /Users/hunglingki/git_projects/stock_indicator/data/stock_data/ACHR.WT.csv
Data written to /Users/hunglingki/git_projects/stock_indicator/data/stock_data/ACHV.csv
Data written to /Users/hunglingki/git_projects/stock_indicator/data/stock_data/ACI.csv
Data written to /Users/hunglingki/git_projects/stock_indicator/data/stock_data/ACIC.csv
Data written to /Users/hunglingki/git_projects/stock_indicator/data/stock_data/ACIU.csv
Data written to /Users/hunglingki/git_projects/stock_indicator/data/stock_data/ACIW.csv
Data written to /Users/hunglingki/git_projects/stock_indicator/data/stock_data/ACKRF.csv
Data written to /Users/hunglingki/git_projects/stock_indicator/data/stock_data/ACLEW.csv
Data written to /Users/hunglingki/git_projects/stock_indicator/data/stock_data/ACLS.csv
Data written to /Users/hunglingki/git_projects/stock_indicator/data/stock_data/ACLX.csv
Data written to /Users/hunglingki/git_projects/stock_indicator/data/stock_data/ACM.csv
Data written to /Users/hunglingki/git_projects/stock_indicator/data/stock_data/ACMIF.csv
Data written to /Users/hunglingki/git_projects/stock_indicator/data/stock_data/ACMR.csv
Data written to /Users/hunglingki/git_projects/stock_indicator/data/stock_data/ACN.csv
Data written to /Users/hunglingki/git_projects/stock_indicator/data/stock_data/ACNB.csv
Data written to /Users/hunglingki/git_projects/stock_indicator/data/stock_data/ACNT.csv
Data written to /Users/hunglingki/git_projects/stock_indicator/data/stock_data/ACOG.csv
Data written to /Users/hunglingki/git_projects/stock_indicator/data/stock_data/ACON.csv
Data written to /Users/hunglingki/git_projects/stock_indicator/data/stock_data/ACONW.csv
Data written to /Users/hunglingki/git_projects/stock_indicator/data/stock_data/ACP.csv
Data written to /Users/hunglingki/git_projects/stock_indicator/data/stock_data/ACP.PA.csv
Data written to /Users/hunglingki/git_projects/stock_indicator/data/stock_data/ACPS.csv
Data written to /Users/hunglingki/git_projects/stock_indicator/data/stock_data/ACR.csv
Data written to /Users/hunglingki/git_projects/stock_indicator/data/stock_data/ACR.PC.csv
Data written to /Users/hunglingki/git_projects/stock_indicator/data/stock_data/ACR.PD.csv
Data written to /Users/hunglingki/git_projects/stock_indicator/data/stock_data/ACRE.csv
Data written to /Users/hunglingki/git_projects/stock_indicator/data/stock_data/ACRL.csv
Data written to /Users/hunglingki/git_projects/stock_indicator/data/stock_data/ACRS.csv
Data written to /Users/hunglingki/git_projects/stock_indicator/data/stock_data/ACRV.csv
Data written to /Users/hunglingki/git_projects/stock_indicator/data/stock_data/ACT.csv
Data written to /Users/hunglingki/git_projects/stock_indicator/data/stock_data/ACTG.csv
Data written to /Users/hunglingki/git_projects/stock_indicator/data/stock_data/ACTU.csv
Data written to /Users/hunglingki/git_projects/stock_indicator/data/stock_data/ACU.csv
Data written to /Users/hunglingki/git_projects/stock_indicator/data/stock_data/ACUT.csv
Data written to /Users/hunglingki/git_projects/stock_indicator/data/stock_data/ACV.csv
Data written to /Users/hunglingki/git_projects/stock_indicator/data/stock_data/ACVA.csv
Data written to /Users/hunglingki/git_projects/stock_indicator/data/stock_data/ACXP.csv
Data written to /Users/hunglingki/git_projects/stock_indicator/data/stock_data/AD.csv
Data written to /Users/hunglingki/git_projects/stock_indicator/data/stock_data/ADAG.csv
Data written to /Users/hunglingki/git_projects/stock_indicator/data/stock_data/ADAP.csv
Data written to /Users/hunglingki/git_projects/stock_indicator/data/stock_data/ADBE.csv
Data written to /Users/hunglingki/git_projects/stock_indicator/data/stock_data/ADC.csv
Data written to /Users/hunglingki/git_projects/stock_indicator/data/stock_data/ADC.PA.csv
Data written to /Users/hunglingki/git_projects/stock_indicator/data/stock_data/ADCT.csv
Data written to /Users/hunglingki/git_projects/stock_indicator/data/stock_data/ADD.csv
Data written to /Users/hunglingki/git_projects/stock_indicator/data/stock_data/ADEA.csv
Data written to /Users/hunglingki/git_projects/stock_indicator/data/stock_data/ADGM.csv
Data written to /Users/hunglingki/git_projects/stock_indicator/data/stock_data/ADI.csv
Data written to /Users/hunglingki/git_projects/stock_indicator/data/stock_data/ADIA.csv
Data written to /Users/hunglingki/git_projects/stock_indicator/data/stock_data/ADIL.csv
Data written to /Users/hunglingki/git_projects/stock_indicator/data/stock_data/ADM.csv
Data written to /Users/hunglingki/git_projects/stock_indicator/data/stock_data/ADMA.csv
Data written to /Users/hunglingki/git_projects/stock_indicator/data/stock_data/ADMQ.csv
Data written to /Users/hunglingki/git_projects/stock_indicator/data/stock_data/ADMT.csv
Data written to /Users/hunglingki/git_projects/stock_indicator/data/stock_data/ADN.csv
Data written to /Users/hunglingki/git_projects/stock_indicator/data/stock_data/ADNT.csv
Data written to /Users/hunglingki/git_projects/stock_indicator/data/stock_data/ADNWW.csv
Data written to /Users/hunglingki/git_projects/stock_indicator/data/stock_data/ADOOY.csv
Data written to /Users/hunglingki/git_projects/stock_indicator/data/stock_data/ADP.csv
Data written to /Users/hunglingki/git_projects/stock_indicator/data/stock_data/ADPT.csv
Data written to /Users/hunglingki/git_projects/stock_indicator/data/stock_data/ADSE.csv
Data written to /Users/hunglingki/git_projects/stock_indicator/data/stock_data/ADSEW.csv
Data written to /Users/hunglingki/git_projects/stock_indicator/data/stock_data/ADSK.csv
Data written to /Users/hunglingki/git_projects/stock_indicator/data/stock_data/ADT.csv
Data written to /Users/hunglingki/git_projects/stock_indicator/data/stock_data/ADTI.csv
Data written to /Users/hunglingki/git_projects/stock_indicator/data/stock_data/ADTN.csv
Data written to /Users/hunglingki/git_projects/stock_indicator/data/stock_data/ADTTF.csv
Data written to /Users/hunglingki/git_projects/stock_indicator/data/stock_data/ADTX.csv
Data written to /Users/hunglingki/git_projects/stock_indicator/data/stock_data/ADUR.csv
Data written to /Users/hunglingki/git_projects/stock_indicator/data/stock_data/ADUS.csv
Data written to /Users/hunglingki/git_projects/stock_indicator/data/stock_data/ADV.csv
Data written to /Users/hunglingki/git_projects/stock_indicator/data/stock_data/ADVB.csv
Data written to /Users/hunglingki/git_projects/stock_indicator/data/stock_data/ADVM.csv
Data written to /Users/hunglingki/git_projects/stock_indicator/data/stock_data/ADVWW.csv
Data written to /Users/hunglingki/git_projects/stock_indicator/data/stock_data/ADX.csv
Data written to /Users/hunglingki/git_projects/stock_indicator/data/stock_data/ADXN.csv
Data written to /Users/hunglingki/git_projects/stock_indicator/data/stock_data/ADYYF.csv
Data written to /Users/hunglingki/git_projects/stock_indicator/data/stock_data/ADZCF.csv
Data written to /Users/hunglingki/git_projects/stock_indicator/data/stock_data/AEAE.csv
Data written to /Users/hunglingki/git_projects/stock_indicator/data/stock_data/AEAEU.csv
Data written to /Users/hunglingki/git_projects/stock_indicator/data/stock_data/AEAEW.csv
Data written to /Users/hunglingki/git_projects/stock_indicator/data/stock_data/AEBI.csv
Data written to /Users/hunglingki/git_projects/stock_indicator/data/stock_data/AEBMF.csv
Data written to /Users/hunglingki/git_projects/stock_indicator/data/stock_data/AEBMY.csv
Data written to /Users/hunglingki/git_projects/stock_indicator/data/stock_data/AEBZY.csv
Data written to /Users/hunglingki/git_projects/stock_indicator/data/stock_data/AEC.csv
Data written to /Users/hunglingki/git_projects/stock_indicator/data/stock_data/AEE.csv
Data written to /Users/hunglingki/git_projects/stock_indicator/data/stock_data/AEF.csv
Data written to /Users/hunglingki/git_projects/stock_indicator/data/stock_data/AEFC.csv
Data written to /Users/hunglingki/git_projects/stock_indicator/data/stock_data/AEG.csv
Data written to /Users/hunglingki/git_projects/stock_indicator/data/stock_data/AEGOF.csv
Data written to /Users/hunglingki/git_projects/stock_indicator/data/stock_data/AEGXF.csv
Data written to /Users/hunglingki/git_projects/stock_indicator/data/stock_data/AEHL.csv

1 Failed download:
['AEXA']: YFTzMissingError('possibly delisted; no timezone found')

1 Failed download:
['AFBL']: YFPricesMissingError('possibly delisted; no price data found  (1d 2025-09-05 -> 2025-09-09)')

1 Failed download:
['AGCC']: YFPricesMissingError('possibly delisted; no price data found  (1d 2025-09-05 -> 2025-09-09)')

1 Failed download:
['AGM.A']: YFTzMissingError('possibly delisted; no timezone found')

1 Failed download:
['AGM.PD']: YFTzMissingError('possibly delisted; no timezone found')

1 Failed download:
['AGM.PE']: YFTzMissingError('possibly delisted; no timezone found')

1 Failed download:
['AGM.PF']: YFTzMissingError('possibly delisted; no timezone found')

1 Failed download:
['AGM.PG']: YFTzMissingError('possibly delisted; no timezone found')

1 Failed download:
['AGMWF']: YFTzMissingError('possibly delisted; no timezone found')

1 Failed download:
['AGRZ']: YFTzMissingError('possibly delisted; no timezone found')

1 Failed download:
['AHH.PA']: YFTzMissingError('possibly delisted; no timezone found')

1 Failed download:
['AHL.PD']: YFTzMissingError('possibly delisted; no timezone found')

1 Failed download:
['AHL.PE']: YFTzMissingError('possibly delisted; no timezone found')

1 Failed download:
['AHL.PF']: YFTzMissingError('possibly delisted; no timezone found')
Data written to /Users/hunglingki/git_projects/stock_indicator/data/stock_data/AEHR.csv
Data written to /Users/hunglingki/git_projects/stock_indicator/data/stock_data/AEI.csv
Data written to /Users/hunglingki/git_projects/stock_indicator/data/stock_data/AEIS.csv
Data written to /Users/hunglingki/git_projects/stock_indicator/data/stock_data/AEM.csv
Data written to /Users/hunglingki/git_projects/stock_indicator/data/stock_data/AEMD.csv
Data written to /Users/hunglingki/git_projects/stock_indicator/data/stock_data/AENT.csv
Data written to /Users/hunglingki/git_projects/stock_indicator/data/stock_data/AENTW.csv
Data written to /Users/hunglingki/git_projects/stock_indicator/data/stock_data/AEO.csv
Data written to /Users/hunglingki/git_projects/stock_indicator/data/stock_data/AEON.csv
Data written to /Users/hunglingki/git_projects/stock_indicator/data/stock_data/AEP.csv
Data written to /Users/hunglingki/git_projects/stock_indicator/data/stock_data/AER.csv
Data written to /Users/hunglingki/git_projects/stock_indicator/data/stock_data/AERG.csv
Data written to /Users/hunglingki/git_projects/stock_indicator/data/stock_data/AERGP.csv
Data written to /Users/hunglingki/git_projects/stock_indicator/data/stock_data/AERT.csv
Data written to /Users/hunglingki/git_projects/stock_indicator/data/stock_data/AERTW.csv
Data written to /Users/hunglingki/git_projects/stock_indicator/data/stock_data/AES.csv
Data written to /Users/hunglingki/git_projects/stock_indicator/data/stock_data/AESI.csv
Data written to /Users/hunglingki/git_projects/stock_indicator/data/stock_data/AETHF.csv
Data written to /Users/hunglingki/git_projects/stock_indicator/data/stock_data/AEVA.csv
Data written to /Users/hunglingki/git_projects/stock_indicator/data/stock_data/AEVAW.csv
Data written to /Users/hunglingki/git_projects/stock_indicator/data/stock_data/AEXA.csv
Data written to /Users/hunglingki/git_projects/stock_indicator/data/stock_data/AEYE.csv
Data written to /Users/hunglingki/git_projects/stock_indicator/data/stock_data/AFB.csv
Data written to /Users/hunglingki/git_projects/stock_indicator/data/stock_data/AFBI.csv
Data written to /Users/hunglingki/git_projects/stock_indicator/data/stock_data/AFBL.csv
Data written to /Users/hunglingki/git_projects/stock_indicator/data/stock_data/AFCG.csv
Data written to /Users/hunglingki/git_projects/stock_indicator/data/stock_data/AFG.csv
Data written to /Users/hunglingki/git_projects/stock_indicator/data/stock_data/AFGB.csv
Data written to /Users/hunglingki/git_projects/stock_indicator/data/stock_data/AFGC.csv
Data written to /Users/hunglingki/git_projects/stock_indicator/data/stock_data/AFGD.csv
Data written to /Users/hunglingki/git_projects/stock_indicator/data/stock_data/AFGE.csv
Data written to /Users/hunglingki/git_projects/stock_indicator/data/stock_data/AFJK.csv
Data written to /Users/hunglingki/git_projects/stock_indicator/data/stock_data/AFJKR.csv
Data written to /Users/hunglingki/git_projects/stock_indicator/data/stock_data/AFJKU.csv
Data written to /Users/hunglingki/git_projects/stock_indicator/data/stock_data/AFL.csv
Data written to /Users/hunglingki/git_projects/stock_indicator/data/stock_data/AFLYY.csv
Data written to /Users/hunglingki/git_projects/stock_indicator/data/stock_data/AFMDQ.csv
Data written to /Users/hunglingki/git_projects/stock_indicator/data/stock_data/AFRAF.csv
Data written to /Users/hunglingki/git_projects/stock_indicator/data/stock_data/AFRI.csv
Data written to /Users/hunglingki/git_projects/stock_indicator/data/stock_data/AFRIW.csv
Data written to /Users/hunglingki/git_projects/stock_indicator/data/stock_data/AFRM.csv
Data written to /Users/hunglingki/git_projects/stock_indicator/data/stock_data/AFYA.csv
Data written to /Users/hunglingki/git_projects/stock_indicator/data/stock_data/AG.csv
Data written to /Users/hunglingki/git_projects/stock_indicator/data/stock_data/AGAE.csv
Data written to /Users/hunglingki/git_projects/stock_indicator/data/stock_data/AGCC.csv
Data written to /Users/hunglingki/git_projects/stock_indicator/data/stock_data/AGCO.csv
Data written to /Users/hunglingki/git_projects/stock_indicator/data/stock_data/AGD.csv
Data written to /Users/hunglingki/git_projects/stock_indicator/data/stock_data/AGEN.csv
Data written to /Users/hunglingki/git_projects/stock_indicator/data/stock_data/AGFY.csv
Data written to /Users/hunglingki/git_projects/stock_indicator/data/stock_data/AGH.csv
Data written to /Users/hunglingki/git_projects/stock_indicator/data/stock_data/AGI.csv
Data written to /Users/hunglingki/git_projects/stock_indicator/data/stock_data/AGIO.csv
Data written to /Users/hunglingki/git_projects/stock_indicator/data/stock_data/AGL.csv
Data written to /Users/hunglingki/git_projects/stock_indicator/data/stock_data/AGLY.csv
Data written to /Users/hunglingki/git_projects/stock_indicator/data/stock_data/AGM.csv
Data written to /Users/hunglingki/git_projects/stock_indicator/data/stock_data/AGM.A.csv
Data written to /Users/hunglingki/git_projects/stock_indicator/data/stock_data/AGM.PD.csv
Data written to /Users/hunglingki/git_projects/stock_indicator/data/stock_data/AGM.PE.csv
Data written to /Users/hunglingki/git_projects/stock_indicator/data/stock_data/AGM.PF.csv
Data written to /Users/hunglingki/git_projects/stock_indicator/data/stock_data/AGM.PG.csv
Data written to /Users/hunglingki/git_projects/stock_indicator/data/stock_data/AGMH.csv
Data written to /Users/hunglingki/git_projects/stock_indicator/data/stock_data/AGMPP.csv
Data written to /Users/hunglingki/git_projects/stock_indicator/data/stock_data/AGMRF.csv
Data written to /Users/hunglingki/git_projects/stock_indicator/data/stock_data/AGMWF.csv
Data written to /Users/hunglingki/git_projects/stock_indicator/data/stock_data/AGNC.csv
Data written to /Users/hunglingki/git_projects/stock_indicator/data/stock_data/AGNCL.csv
Data written to /Users/hunglingki/git_projects/stock_indicator/data/stock_data/AGNCM.csv
Data written to /Users/hunglingki/git_projects/stock_indicator/data/stock_data/AGNCN.csv
Data written to /Users/hunglingki/git_projects/stock_indicator/data/stock_data/AGNCO.csv
Data written to /Users/hunglingki/git_projects/stock_indicator/data/stock_data/AGNCP.csv
Data written to /Users/hunglingki/git_projects/stock_indicator/data/stock_data/AGNPF.csv
Data written to /Users/hunglingki/git_projects/stock_indicator/data/stock_data/AGO.csv
Data written to /Users/hunglingki/git_projects/stock_indicator/data/stock_data/AGQ.csv
Data written to /Users/hunglingki/git_projects/stock_indicator/data/stock_data/AGQPF.csv
Data written to /Users/hunglingki/git_projects/stock_indicator/data/stock_data/AGRI.csv
Data written to /Users/hunglingki/git_projects/stock_indicator/data/stock_data/AGRO.csv
Data written to /Users/hunglingki/git_projects/stock_indicator/data/stock_data/AGRZ.csv
Data written to /Users/hunglingki/git_projects/stock_indicator/data/stock_data/AGSS.csv
Data written to /Users/hunglingki/git_projects/stock_indicator/data/stock_data/AGTX.csv
Data written to /Users/hunglingki/git_projects/stock_indicator/data/stock_data/AGX.csv
Data written to /Users/hunglingki/git_projects/stock_indicator/data/stock_data/AGXPF.csv
Data written to /Users/hunglingki/git_projects/stock_indicator/data/stock_data/AGYS.csv
Data written to /Users/hunglingki/git_projects/stock_indicator/data/stock_data/AHCO.csv
Data written to /Users/hunglingki/git_projects/stock_indicator/data/stock_data/AHG.csv
Data written to /Users/hunglingki/git_projects/stock_indicator/data/stock_data/AHH.csv
Data written to /Users/hunglingki/git_projects/stock_indicator/data/stock_data/AHH.PA.csv
Data written to /Users/hunglingki/git_projects/stock_indicator/data/stock_data/AHICF.csv
Data written to /Users/hunglingki/git_projects/stock_indicator/data/stock_data/AHL.csv
Data written to /Users/hunglingki/git_projects/stock_indicator/data/stock_data/AHL.PD.csv
Data written to /Users/hunglingki/git_projects/stock_indicator/data/stock_data/AHL.PE.csv
Data written to /Users/hunglingki/git_projects/stock_indicator/data/stock_data/AHL.PF.csv
Data written to /Users/hunglingki/git_projects/stock_indicator/data/stock_data/AHNRF.csv

1 Failed download:
['AHT.PD']: YFTzMissingError('possibly delisted; no timezone found')

1 Failed download:
['AHT.PF']: YFTzMissingError('possibly delisted; no timezone found')

1 Failed download:
['AHT.PG']: YFTzMissingError('possibly delisted; no timezone found')

1 Failed download:
['AHT.PH']: YFPricesMissingError('possibly delisted; no price data found  (1d 2025-09-05 -> 2025-09-09)')

1 Failed download:
['AHT.PI']: YFTzMissingError('possibly delisted; no timezone found')

1 Failed download:
['AICLY']: YFTzMissingError('possibly delisted; no timezone found')

1 Failed download:
['AIDG']: YFTzMissingError('possibly delisted; no timezone found')

1 Failed download:
['AIGO']: YFTzMissingError('possibly delisted; no timezone found')

1 Failed download:
['AIIA']: YFTzMissingError('possibly delisted; no timezone found')

1 Failed download:
['AIMWF']: YFPricesMissingError('possibly delisted; no price data found  (1d 2025-09-05 -> 2025-09-09)')

1 Failed download:
['AKO.A']: YFTzMissingError('possibly delisted; no timezone found')

1 Failed download:
['AKO.B']: YFTzMissingError('possibly delisted; no timezone found')

1 Failed download:
['ALB.PA']: YFTzMissingError('possibly delisted; no timezone found')

1 Failed download:
['ALD']: YFPricesMissingError('possibly delisted; no price data found  (1d 2025-09-05 -> 2025-09-09)')
Data written to /Users/hunglingki/git_projects/stock_indicator/data/stock_data/AHR.csv
Data written to /Users/hunglingki/git_projects/stock_indicator/data/stock_data/AHRO.csv
Data written to /Users/hunglingki/git_projects/stock_indicator/data/stock_data/AHT.csv
Data written to /Users/hunglingki/git_projects/stock_indicator/data/stock_data/AHT.PD.csv
Data written to /Users/hunglingki/git_projects/stock_indicator/data/stock_data/AHT.PF.csv
Data written to /Users/hunglingki/git_projects/stock_indicator/data/stock_data/AHT.PG.csv
Data written to /Users/hunglingki/git_projects/stock_indicator/data/stock_data/AHT.PH.csv
Data written to /Users/hunglingki/git_projects/stock_indicator/data/stock_data/AHT.PI.csv
Data written to /Users/hunglingki/git_projects/stock_indicator/data/stock_data/AI.csv
Data written to /Users/hunglingki/git_projects/stock_indicator/data/stock_data/AIBRF.csv
Data written to /Users/hunglingki/git_projects/stock_indicator/data/stock_data/AIBT.csv
Data written to /Users/hunglingki/git_projects/stock_indicator/data/stock_data/AICLY.csv
Data written to /Users/hunglingki/git_projects/stock_indicator/data/stock_data/AIDG.csv
Data written to /Users/hunglingki/git_projects/stock_indicator/data/stock_data/AIEV.csv
Data written to /Users/hunglingki/git_projects/stock_indicator/data/stock_data/AIFF.csv
Data written to /Users/hunglingki/git_projects/stock_indicator/data/stock_data/AIFU.csv
Data written to /Users/hunglingki/git_projects/stock_indicator/data/stock_data/AIG.csv
Data written to /Users/hunglingki/git_projects/stock_indicator/data/stock_data/AIGO.csv
Data written to /Users/hunglingki/git_projects/stock_indicator/data/stock_data/AIHS.csv
Data written to /Users/hunglingki/git_projects/stock_indicator/data/stock_data/AII.csv
Data written to /Users/hunglingki/git_projects/stock_indicator/data/stock_data/AIIA.csv
Data written to /Users/hunglingki/git_projects/stock_indicator/data/stock_data/AIIO.csv
Data written to /Users/hunglingki/git_projects/stock_indicator/data/stock_data/AIIOW.csv
Data written to /Users/hunglingki/git_projects/stock_indicator/data/stock_data/AIJTY.csv
Data written to /Users/hunglingki/git_projects/stock_indicator/data/stock_data/AILIH.csv
Data written to /Users/hunglingki/git_projects/stock_indicator/data/stock_data/AILIM.csv
Data written to /Users/hunglingki/git_projects/stock_indicator/data/stock_data/AILIN.csv
Data written to /Users/hunglingki/git_projects/stock_indicator/data/stock_data/AILIO.csv
Data written to /Users/hunglingki/git_projects/stock_indicator/data/stock_data/AILIP.csv
Data written to /Users/hunglingki/git_projects/stock_indicator/data/stock_data/AILLI.csv
Data written to /Users/hunglingki/git_projects/stock_indicator/data/stock_data/AILLM.csv
Data written to /Users/hunglingki/git_projects/stock_indicator/data/stock_data/AILLN.csv
Data written to /Users/hunglingki/git_projects/stock_indicator/data/stock_data/AILLO.csv
Data written to /Users/hunglingki/git_projects/stock_indicator/data/stock_data/AILLP.csv
Data written to /Users/hunglingki/git_projects/stock_indicator/data/stock_data/AIM.csv
Data written to /Users/hunglingki/git_projects/stock_indicator/data/stock_data/AIMD.csv
Data written to /Users/hunglingki/git_projects/stock_indicator/data/stock_data/AIMDW.csv
Data written to /Users/hunglingki/git_projects/stock_indicator/data/stock_data/AIMI.csv
Data written to /Users/hunglingki/git_projects/stock_indicator/data/stock_data/AIMTF.csv
Data written to /Users/hunglingki/git_projects/stock_indicator/data/stock_data/AIMWF.csv
Data written to /Users/hunglingki/git_projects/stock_indicator/data/stock_data/AIN.csv
Data written to /Users/hunglingki/git_projects/stock_indicator/data/stock_data/AIO.csv
Data written to /Users/hunglingki/git_projects/stock_indicator/data/stock_data/AIOT.csv
Data written to /Users/hunglingki/git_projects/stock_indicator/data/stock_data/AIP.csv
Data written to /Users/hunglingki/git_projects/stock_indicator/data/stock_data/AIQUF.csv
Data written to /Users/hunglingki/git_projects/stock_indicator/data/stock_data/AIR.csv
Data written to /Users/hunglingki/git_projects/stock_indicator/data/stock_data/AIRE.csv
Data written to /Users/hunglingki/git_projects/stock_indicator/data/stock_data/AIRG.csv
Data written to /Users/hunglingki/git_projects/stock_indicator/data/stock_data/AIRI.csv
Data written to /Users/hunglingki/git_projects/stock_indicator/data/stock_data/AIRJ.csv
Data written to /Users/hunglingki/git_projects/stock_indicator/data/stock_data/AIRJW.csv
Data written to /Users/hunglingki/git_projects/stock_indicator/data/stock_data/AIRO.csv
Data written to /Users/hunglingki/git_projects/stock_indicator/data/stock_data/AIRRF.csv
Data written to /Users/hunglingki/git_projects/stock_indicator/data/stock_data/AIRS.csv
Data written to /Users/hunglingki/git_projects/stock_indicator/data/stock_data/AIRT.csv
Data written to /Users/hunglingki/git_projects/stock_indicator/data/stock_data/AIRTP.csv
Data written to /Users/hunglingki/git_projects/stock_indicator/data/stock_data/AISP.csv
Data written to /Users/hunglingki/git_projects/stock_indicator/data/stock_data/AISPW.csv
Data written to /Users/hunglingki/git_projects/stock_indicator/data/stock_data/AIT.csv
Data written to /Users/hunglingki/git_projects/stock_indicator/data/stock_data/AITTF.csv
Data written to /Users/hunglingki/git_projects/stock_indicator/data/stock_data/AITX.csv
Data written to /Users/hunglingki/git_projects/stock_indicator/data/stock_data/AIV.csv
Data written to /Users/hunglingki/git_projects/stock_indicator/data/stock_data/AIXI.csv
Data written to /Users/hunglingki/git_projects/stock_indicator/data/stock_data/AIXN.csv
Data written to /Users/hunglingki/git_projects/stock_indicator/data/stock_data/AIZ.csv
Data written to /Users/hunglingki/git_projects/stock_indicator/data/stock_data/AIZN.csv
Data written to /Users/hunglingki/git_projects/stock_indicator/data/stock_data/AJG.csv
Data written to /Users/hunglingki/git_projects/stock_indicator/data/stock_data/AKA.csv
Data written to /Users/hunglingki/git_projects/stock_indicator/data/stock_data/AKAM.csv
Data written to /Users/hunglingki/git_projects/stock_indicator/data/stock_data/AKAN.csv
Data written to /Users/hunglingki/git_projects/stock_indicator/data/stock_data/AKBA.csv
Data written to /Users/hunglingki/git_projects/stock_indicator/data/stock_data/AKO.A.csv
Data written to /Users/hunglingki/git_projects/stock_indicator/data/stock_data/AKO.B.csv
Data written to /Users/hunglingki/git_projects/stock_indicator/data/stock_data/AKR.csv
Data written to /Users/hunglingki/git_projects/stock_indicator/data/stock_data/AKRO.csv
Data written to /Users/hunglingki/git_projects/stock_indicator/data/stock_data/AKTX.csv
Data written to /Users/hunglingki/git_projects/stock_indicator/data/stock_data/AL.csv
Data written to /Users/hunglingki/git_projects/stock_indicator/data/stock_data/ALAB.csv
Data written to /Users/hunglingki/git_projects/stock_indicator/data/stock_data/ALAR.csv
Data written to /Users/hunglingki/git_projects/stock_indicator/data/stock_data/ALB.csv
Data written to /Users/hunglingki/git_projects/stock_indicator/data/stock_data/ALB.PA.csv
Data written to /Users/hunglingki/git_projects/stock_indicator/data/stock_data/ALBT.csv
Data written to /Users/hunglingki/git_projects/stock_indicator/data/stock_data/ALC.csv
Data written to /Users/hunglingki/git_projects/stock_indicator/data/stock_data/ALCE.csv
Data written to /Users/hunglingki/git_projects/stock_indicator/data/stock_data/ALCO.csv
Data written to /Users/hunglingki/git_projects/stock_indicator/data/stock_data/ALCY.csv
Data written to /Users/hunglingki/git_projects/stock_indicator/data/stock_data/ALCYU.csv
Data written to /Users/hunglingki/git_projects/stock_indicator/data/stock_data/ALCYW.csv
Data written to /Users/hunglingki/git_projects/stock_indicator/data/stock_data/ALD.csv
Data written to /Users/hunglingki/git_projects/stock_indicator/data/stock_data/ALDA.csv
Data written to /Users/hunglingki/git_projects/stock_indicator/data/stock_data/ALDF.csv
Data written to /Users/hunglingki/git_projects/stock_indicator/data/stock_data/ALDFU.csv

1 Failed download:
['ALEH']: YFTzMissingError('possibly delisted; no timezone found')

1 Failed download:
['ALL.PB']: YFTzMissingError('possibly delisted; no timezone found')

1 Failed download:
['ALL.PH']: YFPricesMissingError('possibly delisted; no price data found  (1d 2025-09-05 -> 2025-09-09)')

1 Failed download:
['ALL.PI']: YFTzMissingError('possibly delisted; no timezone found')

1 Failed download:
['ALL.PJ']: YFTzMissingError('possibly delisted; no timezone found')

1 Failed download:
['ALSTF']: YFPricesMissingError('possibly delisted; no price data found  (1d 2025-09-05 -> 2025-09-09)')

1 Failed download:
['ALSWF']: YFTzMissingError('possibly delisted; no timezone found')

1 Failed download:
['ALTG.PA']: YFTzMissingError('possibly delisted; no timezone found')

1 Failed download:
['ALUR.WT']: YFTzMissingError('possibly delisted; no timezone found')

1 Failed download:
['ALXY']: YFPricesMissingError('possibly delisted; no price data found  (1d 2025-09-05 -> 2025-09-09)')

1 Failed download:
['AMBI.WT']: YFTzMissingError('possibly delisted; no timezone found')

1 Failed download:
['AMBP.WT']: YFTzMissingError('possibly delisted; no timezone found')

1 Failed download:
['AMH.PG']: YFTzMissingError('possibly delisted; no timezone found')

1 Failed download:
['AMH.PH']: YFPricesMissingError('possibly delisted; no price data found  (1d 2025-09-05 -> 2025-09-09)')
Data written to /Users/hunglingki/git_projects/stock_indicator/data/stock_data/ALDFW.csv
Data written to /Users/hunglingki/git_projects/stock_indicator/data/stock_data/ALDS.csv
Data written to /Users/hunglingki/git_projects/stock_indicator/data/stock_data/ALDX.csv
Data written to /Users/hunglingki/git_projects/stock_indicator/data/stock_data/ALE.csv
Data written to /Users/hunglingki/git_projects/stock_indicator/data/stock_data/ALEC.csv
Data written to /Users/hunglingki/git_projects/stock_indicator/data/stock_data/ALEH.csv
Data written to /Users/hunglingki/git_projects/stock_indicator/data/stock_data/ALEX.csv
Data written to /Users/hunglingki/git_projects/stock_indicator/data/stock_data/ALF.csv
Data written to /Users/hunglingki/git_projects/stock_indicator/data/stock_data/ALFUU.csv
Data written to /Users/hunglingki/git_projects/stock_indicator/data/stock_data/ALFUW.csv
Data written to /Users/hunglingki/git_projects/stock_indicator/data/stock_data/ALG.csv
Data written to /Users/hunglingki/git_projects/stock_indicator/data/stock_data/ALGM.csv
Data written to /Users/hunglingki/git_projects/stock_indicator/data/stock_data/ALGN.csv
Data written to /Users/hunglingki/git_projects/stock_indicator/data/stock_data/ALGS.csv
Data written to /Users/hunglingki/git_projects/stock_indicator/data/stock_data/ALGT.csv
Data written to /Users/hunglingki/git_projects/stock_indicator/data/stock_data/ALHC.csv
Data written to /Users/hunglingki/git_projects/stock_indicator/data/stock_data/ALIT.csv
Data written to /Users/hunglingki/git_projects/stock_indicator/data/stock_data/ALK.csv
Data written to /Users/hunglingki/git_projects/stock_indicator/data/stock_data/ALKS.csv
Data written to /Users/hunglingki/git_projects/stock_indicator/data/stock_data/ALKT.csv
Data written to /Users/hunglingki/git_projects/stock_indicator/data/stock_data/ALL.csv
Data written to /Users/hunglingki/git_projects/stock_indicator/data/stock_data/ALL.PB.csv
Data written to /Users/hunglingki/git_projects/stock_indicator/data/stock_data/ALL.PH.csv
Data written to /Users/hunglingki/git_projects/stock_indicator/data/stock_data/ALL.PI.csv
Data written to /Users/hunglingki/git_projects/stock_indicator/data/stock_data/ALL.PJ.csv
Data written to /Users/hunglingki/git_projects/stock_indicator/data/stock_data/ALLE.csv
Data written to /Users/hunglingki/git_projects/stock_indicator/data/stock_data/ALLO.csv
Data written to /Users/hunglingki/git_projects/stock_indicator/data/stock_data/ALLR.csv
Data written to /Users/hunglingki/git_projects/stock_indicator/data/stock_data/ALLT.csv
Data written to /Users/hunglingki/git_projects/stock_indicator/data/stock_data/ALLY.csv
Data written to /Users/hunglingki/git_projects/stock_indicator/data/stock_data/ALM.csv
Data written to /Users/hunglingki/git_projects/stock_indicator/data/stock_data/ALMMF.csv
Data written to /Users/hunglingki/git_projects/stock_indicator/data/stock_data/ALMP.csv
Data written to /Users/hunglingki/git_projects/stock_indicator/data/stock_data/ALMS.csv
Data written to /Users/hunglingki/git_projects/stock_indicator/data/stock_data/ALMU.csv
Data written to /Users/hunglingki/git_projects/stock_indicator/data/stock_data/ALNT.csv
Data written to /Users/hunglingki/git_projects/stock_indicator/data/stock_data/ALNY.csv
Data written to /Users/hunglingki/git_projects/stock_indicator/data/stock_data/ALOT.csv
Data written to /Users/hunglingki/git_projects/stock_indicator/data/stock_data/ALRM.csv
Data written to /Users/hunglingki/git_projects/stock_indicator/data/stock_data/ALRS.csv
Data written to /Users/hunglingki/git_projects/stock_indicator/data/stock_data/ALRTF.csv
Data written to /Users/hunglingki/git_projects/stock_indicator/data/stock_data/ALSAF.csv
Data written to /Users/hunglingki/git_projects/stock_indicator/data/stock_data/ALSN.csv
Data written to /Users/hunglingki/git_projects/stock_indicator/data/stock_data/ALSTF.csv
Data written to /Users/hunglingki/git_projects/stock_indicator/data/stock_data/ALSUF.csv
Data written to /Users/hunglingki/git_projects/stock_indicator/data/stock_data/ALSWF.csv
Data written to /Users/hunglingki/git_projects/stock_indicator/data/stock_data/ALT.csv
Data written to /Users/hunglingki/git_projects/stock_indicator/data/stock_data/ALTB.csv
Data written to /Users/hunglingki/git_projects/stock_indicator/data/stock_data/ALTG.csv
Data written to /Users/hunglingki/git_projects/stock_indicator/data/stock_data/ALTG.PA.csv
Data written to /Users/hunglingki/git_projects/stock_indicator/data/stock_data/ALTI.csv
Data written to /Users/hunglingki/git_projects/stock_indicator/data/stock_data/ALTO.csv
Data written to /Users/hunglingki/git_projects/stock_indicator/data/stock_data/ALTS.csv
Data written to /Users/hunglingki/git_projects/stock_indicator/data/stock_data/ALTX.csv
Data written to /Users/hunglingki/git_projects/stock_indicator/data/stock_data/ALUR.csv
Data written to /Users/hunglingki/git_projects/stock_indicator/data/stock_data/ALUR.WT.csv
Data written to /Users/hunglingki/git_projects/stock_indicator/data/stock_data/ALV.csv
Data written to /Users/hunglingki/git_projects/stock_indicator/data/stock_data/ALVO.csv
Data written to /Users/hunglingki/git_projects/stock_indicator/data/stock_data/ALVOW.csv
Data written to /Users/hunglingki/git_projects/stock_indicator/data/stock_data/ALX.csv
Data written to /Users/hunglingki/git_projects/stock_indicator/data/stock_data/ALXO.csv
Data written to /Users/hunglingki/git_projects/stock_indicator/data/stock_data/ALXY.csv
Data written to /Users/hunglingki/git_projects/stock_indicator/data/stock_data/ALYAF.csv
Data written to /Users/hunglingki/git_projects/stock_indicator/data/stock_data/ALZN.csv
Data written to /Users/hunglingki/git_projects/stock_indicator/data/stock_data/AM.csv
Data written to /Users/hunglingki/git_projects/stock_indicator/data/stock_data/AMAL.csv
Data written to /Users/hunglingki/git_projects/stock_indicator/data/stock_data/AMAT.csv
Data written to /Users/hunglingki/git_projects/stock_indicator/data/stock_data/AMBA.csv
Data written to /Users/hunglingki/git_projects/stock_indicator/data/stock_data/AMBC.csv
Data written to /Users/hunglingki/git_projects/stock_indicator/data/stock_data/AMBI.csv
Data written to /Users/hunglingki/git_projects/stock_indicator/data/stock_data/AMBI.WT.csv
Data written to /Users/hunglingki/git_projects/stock_indicator/data/stock_data/AMBO.csv
Data written to /Users/hunglingki/git_projects/stock_indicator/data/stock_data/AMBP.csv
Data written to /Users/hunglingki/git_projects/stock_indicator/data/stock_data/AMBP.WT.csv
Data written to /Users/hunglingki/git_projects/stock_indicator/data/stock_data/AMBQ.csv
Data written to /Users/hunglingki/git_projects/stock_indicator/data/stock_data/AMBR.csv
Data written to /Users/hunglingki/git_projects/stock_indicator/data/stock_data/AMC.csv
Data written to /Users/hunglingki/git_projects/stock_indicator/data/stock_data/AMCCF.csv
Data written to /Users/hunglingki/git_projects/stock_indicator/data/stock_data/AMCR.csv
Data written to /Users/hunglingki/git_projects/stock_indicator/data/stock_data/AMCX.csv
Data written to /Users/hunglingki/git_projects/stock_indicator/data/stock_data/AMD.csv
Data written to /Users/hunglingki/git_projects/stock_indicator/data/stock_data/AME.csv
Data written to /Users/hunglingki/git_projects/stock_indicator/data/stock_data/AMG.csv
Data written to /Users/hunglingki/git_projects/stock_indicator/data/stock_data/AMGN.csv
Data written to /Users/hunglingki/git_projects/stock_indicator/data/stock_data/AMH.csv
Data written to /Users/hunglingki/git_projects/stock_indicator/data/stock_data/AMH.PG.csv
Data written to /Users/hunglingki/git_projects/stock_indicator/data/stock_data/AMH.PH.csv
Data written to /Users/hunglingki/git_projects/stock_indicator/data/stock_data/AMIX.csv
Data written to /Users/hunglingki/git_projects/stock_indicator/data/stock_data/AMJB.csv
Data written to /Users/hunglingki/git_projects/stock_indicator/data/stock_data/AMKR.csv
Data written to /Users/hunglingki/git_projects/stock_indicator/data/stock_data/AMLIF.csv
Data written to /Users/hunglingki/git_projects/stock_indicator/data/stock_data/AMLX.csv

1 Failed download:
['AMPM']: YFTzMissingError('possibly delisted; no timezone found')

1 Failed download:
['AMPX.WT']: YFTzMissingError('possibly delisted; no timezone found')

1 Failed download:
['ANG.PB']: YFTzMissingError('possibly delisted; no timezone found')

1 Failed download:
['ANG.PD']: YFTzMissingError('possibly delisted; no timezone found')

1 Failed download:
['APAC']: YFTzMissingError('possibly delisted; no timezone found')
Data written to /Users/hunglingki/git_projects/stock_indicator/data/stock_data/AMMX.csv
Data written to /Users/hunglingki/git_projects/stock_indicator/data/stock_data/AMN.csv
Data written to /Users/hunglingki/git_projects/stock_indicator/data/stock_data/AMOD.csv
Data written to /Users/hunglingki/git_projects/stock_indicator/data/stock_data/AMODW.csv
Data written to /Users/hunglingki/git_projects/stock_indicator/data/stock_data/AMP.csv
Data written to /Users/hunglingki/git_projects/stock_indicator/data/stock_data/AMPG.csv
Data written to /Users/hunglingki/git_projects/stock_indicator/data/stock_data/AMPGW.csv
Data written to /Users/hunglingki/git_projects/stock_indicator/data/stock_data/AMPH.csv
Data written to /Users/hunglingki/git_projects/stock_indicator/data/stock_data/AMPL.csv
Data written to /Users/hunglingki/git_projects/stock_indicator/data/stock_data/AMPM.csv
Data written to /Users/hunglingki/git_projects/stock_indicator/data/stock_data/AMPX.csv
Data written to /Users/hunglingki/git_projects/stock_indicator/data/stock_data/AMPX.WT.csv
Data written to /Users/hunglingki/git_projects/stock_indicator/data/stock_data/AMPY.csv
Data written to /Users/hunglingki/git_projects/stock_indicator/data/stock_data/AMR.csv
Data written to /Users/hunglingki/git_projects/stock_indicator/data/stock_data/AMRC.csv
Data written to /Users/hunglingki/git_projects/stock_indicator/data/stock_data/AMRK.csv
Data written to /Users/hunglingki/git_projects/stock_indicator/data/stock_data/AMRN.csv
Data written to /Users/hunglingki/git_projects/stock_indicator/data/stock_data/AMRQF.csv
Data written to /Users/hunglingki/git_projects/stock_indicator/data/stock_data/AMRX.csv
Data written to /Users/hunglingki/git_projects/stock_indicator/data/stock_data/AMRZ.csv
Data written to /Users/hunglingki/git_projects/stock_indicator/data/stock_data/AMS.csv
Data written to /Users/hunglingki/git_projects/stock_indicator/data/stock_data/AMSC.csv
Data written to /Users/hunglingki/git_projects/stock_indicator/data/stock_data/AMSF.csv
Data written to /Users/hunglingki/git_projects/stock_indicator/data/stock_data/AMST.csv
Data written to /Users/hunglingki/git_projects/stock_indicator/data/stock_data/AMSYF.csv
Data written to /Users/hunglingki/git_projects/stock_indicator/data/stock_data/AMT.csv
Data written to /Users/hunglingki/git_projects/stock_indicator/data/stock_data/AMTB.csv
Data written to /Users/hunglingki/git_projects/stock_indicator/data/stock_data/AMTD.csv
Data written to /Users/hunglingki/git_projects/stock_indicator/data/stock_data/AMTM.csv
Data written to /Users/hunglingki/git_projects/stock_indicator/data/stock_data/AMTX.csv
Data written to /Users/hunglingki/git_projects/stock_indicator/data/stock_data/AMTY.csv
Data written to /Users/hunglingki/git_projects/stock_indicator/data/stock_data/AMUB.csv
Data written to /Users/hunglingki/git_projects/stock_indicator/data/stock_data/AMWD.csv
Data written to /Users/hunglingki/git_projects/stock_indicator/data/stock_data/AMWL.csv
Data written to /Users/hunglingki/git_projects/stock_indicator/data/stock_data/AMX.csv
Data written to /Users/hunglingki/git_projects/stock_indicator/data/stock_data/AMXOF.csv
Data written to /Users/hunglingki/git_projects/stock_indicator/data/stock_data/AMZE.csv
Data written to /Users/hunglingki/git_projects/stock_indicator/data/stock_data/AMZN.csv
Data written to /Users/hunglingki/git_projects/stock_indicator/data/stock_data/AN.csv
Data written to /Users/hunglingki/git_projects/stock_indicator/data/stock_data/ANAB.csv
Data written to /Users/hunglingki/git_projects/stock_indicator/data/stock_data/ANDE.csv
Data written to /Users/hunglingki/git_projects/stock_indicator/data/stock_data/ANEB.csv
Data written to /Users/hunglingki/git_projects/stock_indicator/data/stock_data/ANET.csv
Data written to /Users/hunglingki/git_projects/stock_indicator/data/stock_data/ANF.csv
Data written to /Users/hunglingki/git_projects/stock_indicator/data/stock_data/ANG.PB.csv
Data written to /Users/hunglingki/git_projects/stock_indicator/data/stock_data/ANG.PD.csv
Data written to /Users/hunglingki/git_projects/stock_indicator/data/stock_data/ANGH.csv
Data written to /Users/hunglingki/git_projects/stock_indicator/data/stock_data/ANGHW.csv
Data written to /Users/hunglingki/git_projects/stock_indicator/data/stock_data/ANGI.csv
Data written to /Users/hunglingki/git_projects/stock_indicator/data/stock_data/ANGO.csv
Data written to /Users/hunglingki/git_projects/stock_indicator/data/stock_data/ANIK.csv
Data written to /Users/hunglingki/git_projects/stock_indicator/data/stock_data/ANIP.csv
Data written to /Users/hunglingki/git_projects/stock_indicator/data/stock_data/ANIX.csv
Data written to /Users/hunglingki/git_projects/stock_indicator/data/stock_data/ANKM.csv
Data written to /Users/hunglingki/git_projects/stock_indicator/data/stock_data/ANL.csv
Data written to /Users/hunglingki/git_projects/stock_indicator/data/stock_data/ANLDD.csv
Data written to /Users/hunglingki/git_projects/stock_indicator/data/stock_data/ANNA.csv
Data written to /Users/hunglingki/git_projects/stock_indicator/data/stock_data/ANNAW.csv
Data written to /Users/hunglingki/git_projects/stock_indicator/data/stock_data/ANNSF.csv
Data written to /Users/hunglingki/git_projects/stock_indicator/data/stock_data/ANNX.csv
Data written to /Users/hunglingki/git_projects/stock_indicator/data/stock_data/ANPA.csv
Data written to /Users/hunglingki/git_projects/stock_indicator/data/stock_data/ANRO.csv
Data written to /Users/hunglingki/git_projects/stock_indicator/data/stock_data/ANSC.csv
Data written to /Users/hunglingki/git_projects/stock_indicator/data/stock_data/ANSCU.csv
Data written to /Users/hunglingki/git_projects/stock_indicator/data/stock_data/ANSCW.csv
Data written to /Users/hunglingki/git_projects/stock_indicator/data/stock_data/ANTA.csv
Data written to /Users/hunglingki/git_projects/stock_indicator/data/stock_data/ANTE.csv
Data written to /Users/hunglingki/git_projects/stock_indicator/data/stock_data/ANTX.csv
Data written to /Users/hunglingki/git_projects/stock_indicator/data/stock_data/ANVI.csv
Data written to /Users/hunglingki/git_projects/stock_indicator/data/stock_data/ANVS.csv
Data written to /Users/hunglingki/git_projects/stock_indicator/data/stock_data/ANY.csv
Data written to /Users/hunglingki/git_projects/stock_indicator/data/stock_data/AOAO.csv
Data written to /Users/hunglingki/git_projects/stock_indicator/data/stock_data/AOD.csv
Data written to /Users/hunglingki/git_projects/stock_indicator/data/stock_data/AOMD.csv
Data written to /Users/hunglingki/git_projects/stock_indicator/data/stock_data/AOMFF.csv
Data written to /Users/hunglingki/git_projects/stock_indicator/data/stock_data/AOMN.csv
Data written to /Users/hunglingki/git_projects/stock_indicator/data/stock_data/AOMR.csv
Data written to /Users/hunglingki/git_projects/stock_indicator/data/stock_data/AON.csv
Data written to /Users/hunglingki/git_projects/stock_indicator/data/stock_data/AONC.csv
Data written to /Users/hunglingki/git_projects/stock_indicator/data/stock_data/AONCW.csv
Data written to /Users/hunglingki/git_projects/stock_indicator/data/stock_data/AORT.csv
Data written to /Users/hunglingki/git_projects/stock_indicator/data/stock_data/AOS.csv
Data written to /Users/hunglingki/git_projects/stock_indicator/data/stock_data/AOSL.csv
Data written to /Users/hunglingki/git_projects/stock_indicator/data/stock_data/AOUT.csv
Data written to /Users/hunglingki/git_projects/stock_indicator/data/stock_data/AOXY.csv
Data written to /Users/hunglingki/git_projects/stock_indicator/data/stock_data/AP.csv
Data written to /Users/hunglingki/git_projects/stock_indicator/data/stock_data/APA.csv
Data written to /Users/hunglingki/git_projects/stock_indicator/data/stock_data/APAAF.csv
Data written to /Users/hunglingki/git_projects/stock_indicator/data/stock_data/APAC.csv
Data written to /Users/hunglingki/git_projects/stock_indicator/data/stock_data/APAD.csv
Data written to /Users/hunglingki/git_projects/stock_indicator/data/stock_data/APADR.csv
Data written to /Users/hunglingki/git_projects/stock_indicator/data/stock_data/APADU.csv
Data written to /Users/hunglingki/git_projects/stock_indicator/data/stock_data/APAM.csv

1 Failed download:
['APCXW']: YFPricesMissingError('possibly delisted; no price data found  (1d 2025-09-05 -> 2025-09-09)')

1 Failed download:
['APEX']: YFTzMissingError('possibly delisted; no timezone found')

1 Failed download:
['APO.PA']: YFTzMissingError('possibly delisted; no timezone found')

1 Failed download:
['APXT']: YFTzMissingError('possibly delisted; no timezone found')

1 Failed download:
['AQUNR']: YFPricesMissingError('possibly delisted; no price data found  (1d 2025-09-05 -> 2025-09-09)')

1 Failed download:
['ARBC']: YFTzMissingError('possibly delisted; no timezone found')

1 Failed download:
['AREB']: DNSError('Failed to perform, curl: (6) Could not resolve host: query2.finance.yahoo.com. See https://curl.se/libcurl/c/libcurl-errors.html first for more details.')

1 Failed download:
['AREBW']: DNSError('Failed to perform, curl: (6) getaddrinfo() thread failed to start. See https://curl.se/libcurl/c/libcurl-errors.html first for more details.')

1 Failed download:
['ARES.PB']: YFTzMissingError('possibly delisted; no timezone found')

1 Failed download:
['ARGD']: DNSError('Failed to perform, curl: (6) Could not resolve host: query2.finance.yahoo.com. See https://curl.se/libcurl/c/libcurl-errors.html first for more details.')
Failed to get ticker 'ARGO.PA' reason: Failed to perform, curl: (6) getaddrinfo() thread failed to start. See https://curl.se/libcurl/c/libcurl-errors.html first for more details.

1 Failed download:
['ARGO.PA']: YFTzMissingError('possibly delisted; no timezone found')

1 Failed download:
['ARGX']: DNSError('Failed to perform, curl: (6) getaddrinfo() thread failed to start. See https://curl.se/libcurl/c/libcurl-errors.html first for more details.')

1 Failed download:
['ARKOW']: DNSError('Failed to perform, curl: (6) Could not resolve host: query2.finance.yahoo.com. See https://curl.se/libcurl/c/libcurl-errors.html first for more details.')

1 Failed download:
['ARKR']: DNSError('Failed to perform, curl: (6) getaddrinfo() thread failed to start. See https://curl.se/libcurl/c/libcurl-errors.html first for more details.')

1 Failed download:
['ARL']: DNSError('Failed to perform, curl: (6) getaddrinfo() thread failed to start. See https://curl.se/libcurl/c/libcurl-errors.html first for more details.')

1 Failed download:
['ARMP']: DNSError('Failed to perform, curl: (6) Could not resolve host: query2.finance.yahoo.com. See https://curl.se/libcurl/c/libcurl-errors.html first for more details.')

1 Failed download:
['ARNNY']: DNSError('Failed to perform, curl: (6) getaddrinfo() thread failed to start. See https://curl.se/libcurl/c/libcurl-errors.html first for more details.')

1 Failed download:
['AROC']: DNSError('Failed to perform, curl: (6) getaddrinfo() thread failed to start. See https://curl.se/libcurl/c/libcurl-errors.html first for more details.')
Data written to /Users/hunglingki/git_projects/stock_indicator/data/stock_data/APCX.csv
Data written to /Users/hunglingki/git_projects/stock_indicator/data/stock_data/APCXW.csv
Data written to /Users/hunglingki/git_projects/stock_indicator/data/stock_data/APD.csv
Data written to /Users/hunglingki/git_projects/stock_indicator/data/stock_data/APDN.csv
Data written to /Users/hunglingki/git_projects/stock_indicator/data/stock_data/APEI.csv
Data written to /Users/hunglingki/git_projects/stock_indicator/data/stock_data/APEX.csv
Data written to /Users/hunglingki/git_projects/stock_indicator/data/stock_data/APG.csv
Data written to /Users/hunglingki/git_projects/stock_indicator/data/stock_data/APGE.csv
Data written to /Users/hunglingki/git_projects/stock_indicator/data/stock_data/APGOF.csv
Data written to /Users/hunglingki/git_projects/stock_indicator/data/stock_data/APH.csv
Data written to /Users/hunglingki/git_projects/stock_indicator/data/stock_data/APHD.csv
Data written to /Users/hunglingki/git_projects/stock_indicator/data/stock_data/APHP.csv
Data written to /Users/hunglingki/git_projects/stock_indicator/data/stock_data/API.csv
Data written to /Users/hunglingki/git_projects/stock_indicator/data/stock_data/APLD.csv
Data written to /Users/hunglingki/git_projects/stock_indicator/data/stock_data/APLE.csv
Data written to /Users/hunglingki/git_projects/stock_indicator/data/stock_data/APLM.csv
Data written to /Users/hunglingki/git_projects/stock_indicator/data/stock_data/APLMW.csv
Data written to /Users/hunglingki/git_projects/stock_indicator/data/stock_data/APLS.csv
Data written to /Users/hunglingki/git_projects/stock_indicator/data/stock_data/APLT.csv
Data written to /Users/hunglingki/git_projects/stock_indicator/data/stock_data/APM.csv
Data written to /Users/hunglingki/git_projects/stock_indicator/data/stock_data/APO.csv
Data written to /Users/hunglingki/git_projects/stock_indicator/data/stock_data/APO.PA.csv
Data written to /Users/hunglingki/git_projects/stock_indicator/data/stock_data/APOG.csv
Data written to /Users/hunglingki/git_projects/stock_indicator/data/stock_data/APOS.csv
Data written to /Users/hunglingki/git_projects/stock_indicator/data/stock_data/APP.csv
Data written to /Users/hunglingki/git_projects/stock_indicator/data/stock_data/APPF.csv
Data written to /Users/hunglingki/git_projects/stock_indicator/data/stock_data/APPN.csv
Data written to /Users/hunglingki/git_projects/stock_indicator/data/stock_data/APPS.csv
Data written to /Users/hunglingki/git_projects/stock_indicator/data/stock_data/APRE.csv
Data written to /Users/hunglingki/git_projects/stock_indicator/data/stock_data/APSI.csv
Data written to /Users/hunglingki/git_projects/stock_indicator/data/stock_data/APT.csv
Data written to /Users/hunglingki/git_projects/stock_indicator/data/stock_data/APTOF.csv
Data written to /Users/hunglingki/git_projects/stock_indicator/data/stock_data/APTV.csv
Data written to /Users/hunglingki/git_projects/stock_indicator/data/stock_data/APUS.csv
Data written to /Users/hunglingki/git_projects/stock_indicator/data/stock_data/APVO.csv
Data written to /Users/hunglingki/git_projects/stock_indicator/data/stock_data/APWC.csv
Data written to /Users/hunglingki/git_projects/stock_indicator/data/stock_data/APXIF.csv
Data written to /Users/hunglingki/git_projects/stock_indicator/data/stock_data/APXT.csv
Data written to /Users/hunglingki/git_projects/stock_indicator/data/stock_data/APYP.csv
Data written to /Users/hunglingki/git_projects/stock_indicator/data/stock_data/APYX.csv
Data written to /Users/hunglingki/git_projects/stock_indicator/data/stock_data/AQB.csv
Data written to /Users/hunglingki/git_projects/stock_indicator/data/stock_data/AQMS.csv
Data written to /Users/hunglingki/git_projects/stock_indicator/data/stock_data/AQN.csv
Data written to /Users/hunglingki/git_projects/stock_indicator/data/stock_data/AQNB.csv
Data written to /Users/hunglingki/git_projects/stock_indicator/data/stock_data/AQST.csv
Data written to /Users/hunglingki/git_projects/stock_indicator/data/stock_data/AQUC.csv
Data written to /Users/hunglingki/git_projects/stock_indicator/data/stock_data/AQUNR.csv
Data written to /Users/hunglingki/git_projects/stock_indicator/data/stock_data/AQUNU.csv
Data written to /Users/hunglingki/git_projects/stock_indicator/data/stock_data/AR.csv
Data written to /Users/hunglingki/git_projects/stock_indicator/data/stock_data/ARAI.csv
Data written to /Users/hunglingki/git_projects/stock_indicator/data/stock_data/ARAY.csv
Data written to /Users/hunglingki/git_projects/stock_indicator/data/stock_data/ARBB.csv
Data written to /Users/hunglingki/git_projects/stock_indicator/data/stock_data/ARBC.csv
Data written to /Users/hunglingki/git_projects/stock_indicator/data/stock_data/ARBE.csv
Data written to /Users/hunglingki/git_projects/stock_indicator/data/stock_data/ARBEW.csv
Data written to /Users/hunglingki/git_projects/stock_indicator/data/stock_data/ARBK.csv
Data written to /Users/hunglingki/git_projects/stock_indicator/data/stock_data/ARBKF.csv
Data written to /Users/hunglingki/git_projects/stock_indicator/data/stock_data/ARBKL.csv
Data written to /Users/hunglingki/git_projects/stock_indicator/data/stock_data/ARCB.csv
Data written to /Users/hunglingki/git_projects/stock_indicator/data/stock_data/ARCC.csv
Data written to /Users/hunglingki/git_projects/stock_indicator/data/stock_data/ARCO.csv
Data written to /Users/hunglingki/git_projects/stock_indicator/data/stock_data/ARCT.csv
Data written to /Users/hunglingki/git_projects/stock_indicator/data/stock_data/ARCXF.csv
Data written to /Users/hunglingki/git_projects/stock_indicator/data/stock_data/ARDC.csv
Data written to /Users/hunglingki/git_projects/stock_indicator/data/stock_data/ARDT.csv
Data written to /Users/hunglingki/git_projects/stock_indicator/data/stock_data/ARDX.csv
Data written to /Users/hunglingki/git_projects/stock_indicator/data/stock_data/ARE.csv
Data written to /Users/hunglingki/git_projects/stock_indicator/data/stock_data/AREB.csv
Data written to /Users/hunglingki/git_projects/stock_indicator/data/stock_data/AREBW.csv
Data written to /Users/hunglingki/git_projects/stock_indicator/data/stock_data/AREC.csv
Data written to /Users/hunglingki/git_projects/stock_indicator/data/stock_data/AREN.csv
Data written to /Users/hunglingki/git_projects/stock_indicator/data/stock_data/ARES.csv
Data written to /Users/hunglingki/git_projects/stock_indicator/data/stock_data/ARES.PB.csv
Data written to /Users/hunglingki/git_projects/stock_indicator/data/stock_data/ARGD.csv
Data written to /Users/hunglingki/git_projects/stock_indicator/data/stock_data/ARGO.PA.csv
Data written to /Users/hunglingki/git_projects/stock_indicator/data/stock_data/ARGX.csv
Data written to /Users/hunglingki/git_projects/stock_indicator/data/stock_data/ARHS.csv
Data written to /Users/hunglingki/git_projects/stock_indicator/data/stock_data/ARHUF.csv
Data written to /Users/hunglingki/git_projects/stock_indicator/data/stock_data/ARI.csv
Data written to /Users/hunglingki/git_projects/stock_indicator/data/stock_data/ARIS.csv
Data written to /Users/hunglingki/git_projects/stock_indicator/data/stock_data/ARKB.csv
Data written to /Users/hunglingki/git_projects/stock_indicator/data/stock_data/ARKO.csv
Data written to /Users/hunglingki/git_projects/stock_indicator/data/stock_data/ARKOW.csv
Data written to /Users/hunglingki/git_projects/stock_indicator/data/stock_data/ARKR.csv
Data written to /Users/hunglingki/git_projects/stock_indicator/data/stock_data/ARL.csv
Data written to /Users/hunglingki/git_projects/stock_indicator/data/stock_data/ARLO.csv
Data written to /Users/hunglingki/git_projects/stock_indicator/data/stock_data/ARLP.csv
Data written to /Users/hunglingki/git_projects/stock_indicator/data/stock_data/ARM.csv
Data written to /Users/hunglingki/git_projects/stock_indicator/data/stock_data/ARMK.csv
Data written to /Users/hunglingki/git_projects/stock_indicator/data/stock_data/ARMN.csv
Data written to /Users/hunglingki/git_projects/stock_indicator/data/stock_data/ARMP.csv
Data written to /Users/hunglingki/git_projects/stock_indicator/data/stock_data/ARNNY.csv
Data written to /Users/hunglingki/git_projects/stock_indicator/data/stock_data/AROC.csv

1 Failed download:
['ARR']: DNSError('Failed to perform, curl: (6) Could not resolve host: query2.finance.yahoo.com. See https://curl.se/libcurl/c/libcurl-errors.html first for more details.')
Failed to get ticker 'ARR.PC' reason: Failed to perform, curl: (6) getaddrinfo() thread failed to start. See https://curl.se/libcurl/c/libcurl-errors.html first for more details.

1 Failed download:
['ARR.PC']: YFTzMissingError('possibly delisted; no timezone found')

1 Failed download:
['ARRKF']: DNSError('Failed to perform, curl: (6) getaddrinfo() thread failed to start. See https://curl.se/libcurl/c/libcurl-errors.html first for more details.')

1 Failed download:
['ARSTY']: YFTzMissingError('possibly delisted; no timezone found')

1 Failed download:
['ARTL']: DNSError('Failed to perform, curl: (6) getaddrinfo() thread failed to start. See https://curl.se/libcurl/c/libcurl-errors.html first for more details.')

1 Failed download:
['ARTNA']: DNSError('Failed to perform, curl: (6) getaddrinfo() thread failed to start. See https://curl.se/libcurl/c/libcurl-errors.html first for more details.')
Data written to /Users/hunglingki/git_projects/stock_indicator/data/stock_data/AROW.csv
Data written to /Users/hunglingki/git_projects/stock_indicator/data/stock_data/ARQ.csv
Data written to /Users/hunglingki/git_projects/stock_indicator/data/stock_data/ARQQ.csv
Data written to /Users/hunglingki/git_projects/stock_indicator/data/stock_data/ARQQW.csv
Data written to /Users/hunglingki/git_projects/stock_indicator/data/stock_data/ARQT.csv
Data written to /Users/hunglingki/git_projects/stock_indicator/data/stock_data/ARR.csv
Data written to /Users/hunglingki/git_projects/stock_indicator/data/stock_data/ARR.PC.csv
Data written to /Users/hunglingki/git_projects/stock_indicator/data/stock_data/ARRKF.csv
Data written to /Users/hunglingki/git_projects/stock_indicator/data/stock_data/ARRT.csv
Data written to /Users/hunglingki/git_projects/stock_indicator/data/stock_data/ARRY.csv
Data written to /Users/hunglingki/git_projects/stock_indicator/data/stock_data/ARSMF.csv
Data written to /Users/hunglingki/git_projects/stock_indicator/data/stock_data/ARSTY.csv
Data written to /Users/hunglingki/git_projects/stock_indicator/data/stock_data/ARTL.csv
Traceback (most recent call last):
  File "<stdin>", line 2, in <module>
  File "/Users/hunglingki/.pyenv/versions/3.11.2/lib/python3.11/cmd.py", line 217, in onecmd
  File "/Users/hunglingki/git_projects/stock_indicator/src/stock_indicator/manage.py", line 281, in do_update_all_data_from_yf
  File "/Users/hunglingki/git_projects/stock_indicator/venv/lib/python3.11/site-packages/pandas/util/_decorators.py", line 333, in wrapper
  File "/Users/hunglingki/git_projects/stock_indicator/venv/lib/python3.11/site-packages/pandas/core/generic.py", line 3986, in to_csv
  File "/Users/hunglingki/git_projects/stock_indicator/venv/lib/python3.11/site-packages/pandas/io/formats/format.py", line 1014, in to_csv
  File "/Users/hunglingki/git_projects/stock_indicator/venv/lib/python3.11/site-packages/pandas/io/formats/csvs.py", line 251, in save
  File "/Users/hunglingki/git_projects/stock_indicator/venv/lib/python3.11/site-packages/pandas/io/common.py", line 873, in get_handle
OSError: [Errno 24] Too many open files: '/Users/hunglingki/git_projects/stock_indicator/data/stock_data/ARTNA.csv'
